#-----------------------------------------------------------
# Vivado v2020.2 (64-bit)
# SW Build 3064766 on Wed Nov 18 09:12:45 MST 2020
# IP Build 3064653 on Wed Nov 18 14:17:31 MST 2020
# Start of session at: Wed Jan  5 19:45:54 2022
# Process ID: 53832
# Current directory: C:/Users/user/Desktop/Programing/Logic Design/Advance/Project/source/vivado_proj
# Command line: vivado.exe -gui_launcher_event rodinguilauncherevent60588 C:\Users\user\Desktop\Programing\Logic Design\Advance\Project\source\vivado_proj\Basys-3-XADC.xpr
# Log file: C:/Users/user/Desktop/Programing/Logic Design/Advance/Project/source/vivado_proj/vivado.log
# Journal file: C:/Users/user/Desktop/Programing/Logic Design/Advance/Project/source/vivado_proj\vivado.jou
#-----------------------------------------------------------
start_gui
open_project -read_only {C:/Users/user/Desktop/Programing/Logic Design/Advance/Project/source/vivado_proj/Basys-3-XADC.xpr}
INFO: [Project 1-313] Project file moved from 'D:/Github/projects-releases/Basys-3-XADC/temp/PrjAr/_X_' since last save.
WARNING: [filemgmt 56-2] IP Repository Path: Could not find the directory 'C:/Users/user/Desktop/Programing/Logic Design/Advance/repo', nor could it be found using path 'D:/Github/projects-releases/Basys-3-XADC/repo'.
WARNING: [filemgmt 56-2] IPUserFilesDir: Could not find the directory 'C:/Users/user/Desktop/Programing/Logic Design/Advance/Project/source/vivado_proj/Basys-3-XADC.ip_user_files', nor could it be found using path 'D:/Github/projects-releases/Basys-3-XADC/temp/PrjAr/_X_/Basys-3-XADC.ip_user_files'.
Scanning sources...
Finished scanning sources
INFO: [IP_Flow 19-234] Refreshing IP repositories
WARNING: [IP_Flow 19-2248] Failed to load user IP repository 'c:/Users/user/Desktop/Programing/Logic Design/Advance/repo'; Can't find the specified path.
If this directory should no longer be in your list of user repositories, go to the IP Settings dialog and remove it.
INFO: [IP_Flow 19-2313] Loaded Vivado IP repository 'C:/Xilinx/Vivado/2020.2/data/ip'.
WARNING: [IP_Flow 19-2162] IP 'xadc_wiz_0' is locked:
* Project containing IP 'xadc_wiz_0' is read-only. * IP definition 'XADC Wizard (3.3)' for IP 'xadc_wiz_0' (customized with software release 2018.2) has a different revision in the IP Catalog.
WARNING: [Project 1-229] Project 'Basys-3-XADC.xpr' is read-only and therefore could not be upgraded for this version of Vivado.  Use 'File | Save Project As...' if you wish to save an upgraded copy.
open_project: Time (s): cpu = 00:00:13 ; elapsed = 00:00:06 . Memory (MB): peak = 1007.613 ; gain = 0.000
update_compile_order -fileset sources_1
exit
INFO: [Common 17-206] Exiting Vivado at Wed Jan  5 19:48:25 2022...
