#-----------------------------------------------------------
# Vivado v2020.2 (64-bit)
# SW Build 3064766 on Wed Nov 18 09:12:45 MST 2020
# IP Build 3064653 on Wed Nov 18 14:17:31 MST 2020
# Start of session at: Thu Jan  6 23:37:47 2022
# Process ID: 9372
# Current directory: C:/Users/user/Desktop/Programing/Logic Design/Advance/Project/source/vivado_proj
# Command line: vivado.exe -gui_launcher_event rodinguilauncherevent9404 C:\Users\user\Desktop\Programing\Logic Design\Advance\Project\source\vivado_proj\Basys-3-XADC.xpr
# Log file: C:/Users/user/Desktop/Programing/Logic Design/Advance/Project/source/vivado_proj/vivado.log
# Journal file: C:/Users/user/Desktop/Programing/Logic Design/Advance/Project/source/vivado_proj\vivado.jou
#-----------------------------------------------------------
start_gui
open_project {C:/Users/user/Desktop/Programing/Logic Design/Advance/Project/source/vivado_proj/Basys-3-XADC.xpr}
INFO: [Project 1-313] Project file moved from 'D:/Github/projects-releases/Basys-3-XADC/temp/PrjAr/_X_' since last save.
WARNING: [filemgmt 56-2] IP Repository Path: Could not find the directory 'C:/Users/user/Desktop/Programing/Logic Design/Advance/repo', nor could it be found using path 'D:/Github/projects-releases/Basys-3-XADC/repo'.
WARNING: [filemgmt 56-2] IPUserFilesDir: Could not find the directory 'C:/Users/user/Desktop/Programing/Logic Design/Advance/Project/source/vivado_proj/Basys-3-XADC.ip_user_files', nor could it be found using path 'D:/Github/projects-releases/Basys-3-XADC/temp/PrjAr/_X_/Basys-3-XADC.ip_user_files'.
Scanning sources...
Finished scanning sources
INFO: [IP_Flow 19-234] Refreshing IP repositories
WARNING: [IP_Flow 19-2248] Failed to load user IP repository 'c:/Users/user/Desktop/Programing/Logic Design/Advance/repo'; Can't find the specified path.
If this directory should no longer be in your list of user repositories, go to the IP Settings dialog and remove it.
INFO: [IP_Flow 19-2313] Loaded Vivado IP repository 'C:/Xilinx/Vivado/2020.2/data/ip'.
WARNING: [IP_Flow 19-2162] IP 'xadc_wiz_0' is locked:
* IP definition 'XADC Wizard (3.3)' for IP 'xadc_wiz_0' (customized with software release 2018.2) has a different revision in the IP Catalog.
open_project: Time (s): cpu = 00:00:17 ; elapsed = 00:00:07 . Memory (MB): peak = 1004.719 ; gain = 0.000
report_ip_status -name ip_status 
update_compile_order -fileset sources_1
INFO: [Device 21-403] Loading part xc7a35tcpg236-1
create_ip -name xadc_wiz -vendor xilinx.com -library ip -version 3.3 -module_name xadc_wiz_1
set_property -dict [list CONFIG.XADC_STARUP_SELECTION {channel_sequencer} CONFIG.ENABLE_RESET {false} CONFIG.OT_ALARM {false} CONFIG.USER_TEMP_ALARM {false} CONFIG.VCCINT_ALARM {false} CONFIG.VCCAUX_ALARM {false} CONFIG.CHANNEL_ENABLE_VP_VN {false} CONFIG.CHANNEL_ENABLE_VAUXP6_VAUXN6 {true} CONFIG.CHANNEL_ENABLE_VAUXP7_VAUXN7 {true} CONFIG.CHANNEL_ENABLE_VAUXP14_VAUXN14 {true} CONFIG.CHANNEL_ENABLE_VAUXP15_VAUXN15 {true} CONFIG.WAVEFORM_TYPE {SIN} CONFIG.SEQUENCER_MODE {Continuous} CONFIG.EXTERNAL_MUX_CHANNEL {VP_VN} CONFIG.SINGLE_CHANNEL_SELECTION {TEMPERATURE} CONFIG.STIMULUS_FREQ {1.0}] [get_ips xadc_wiz_1]
generate_target {instantiation_template} [get_files {{c:/Users/user/Desktop/Programing/Logic Design/Advance/Project/source/vivado_proj/Basys-3-XADC.srcs/sources_1/ip/xadc_wiz_1/xadc_wiz_1.xci}}]
INFO: [IP_Flow 19-1686] Generating 'Instantiation Template' target for IP 'xadc_wiz_1'...
update_compile_order -fileset sources_1
generate_target all [get_files  {{c:/Users/user/Desktop/Programing/Logic Design/Advance/Project/source/vivado_proj/Basys-3-XADC.srcs/sources_1/ip/xadc_wiz_1/xadc_wiz_1.xci}}]
INFO: [IP_Flow 19-1686] Generating 'Synthesis' target for IP 'xadc_wiz_1'...
INFO: [IP_Flow 19-1686] Generating 'Simulation' target for IP 'xadc_wiz_1'...
INFO: [IP_Flow 19-1686] Generating 'Miscellaneous' target for IP 'xadc_wiz_1'...
INFO: [IP_Flow 19-1686] Generating 'Change Log' target for IP 'xadc_wiz_1'...
generate_target: Time (s): cpu = 00:00:05 ; elapsed = 00:00:05 . Memory (MB): peak = 1175.617 ; gain = 18.785
catch { config_ip_cache -export [get_ips -all xadc_wiz_1] }
export_ip_user_files -of_objects [get_files {{c:/Users/user/Desktop/Programing/Logic Design/Advance/Project/source/vivado_proj/Basys-3-XADC.srcs/sources_1/ip/xadc_wiz_1/xadc_wiz_1.xci}}] -no_script -sync -force -quiet
create_ip_run [get_files -of_objects [get_fileset sources_1] {{c:/Users/user/Desktop/Programing/Logic Design/Advance/Project/source/vivado_proj/Basys-3-XADC.srcs/sources_1/ip/xadc_wiz_1/xadc_wiz_1.xci}}]
launch_runs xadc_wiz_1_synth_1 -jobs 4
[Thu Jan  6 23:40:34 2022] Launched xadc_wiz_1_synth_1...
Run output will be captured here: C:/Users/user/Desktop/Programing/Logic Design/Advance/Project/source/vivado_proj/Basys-3-XADC.runs/xadc_wiz_1_synth_1/runme.log
export_simulation -of_objects [get_files {{c:/Users/user/Desktop/Programing/Logic Design/Advance/Project/source/vivado_proj/Basys-3-XADC.srcs/sources_1/ip/xadc_wiz_1/xadc_wiz_1.xci}}] -directory {C:/Users/user/Desktop/Programing/Logic Design/Advance/Project/source/vivado_proj/Basys-3-XADC.ip_user_files/sim_scripts} -ip_user_files_dir {C:/Users/user/Desktop/Programing/Logic Design/Advance/Project/source/vivado_proj/Basys-3-XADC.ip_user_files} -ipstatic_source_dir {C:/Users/user/Desktop/Programing/Logic Design/Advance/Project/source/vivado_proj/Basys-3-XADC.ip_user_files/ipstatic} -lib_map_path [list {modelsim=C:/Users/user/Desktop/Programing/Logic Design/Advance/Project/source/vivado_proj/Basys-3-XADC.cache/compile_simlib/modelsim} {questa=C:/Users/user/Desktop/Programing/Logic Design/Advance/Project/source/vivado_proj/Basys-3-XADC.cache/compile_simlib/questa} {riviera=C:/Users/user/Desktop/Programing/Logic Design/Advance/Project/source/vivado_proj/Basys-3-XADC.cache/compile_simlib/riviera} {activehdl=C:/Users/user/Desktop/Programing/Logic Design/Advance/Project/source/vivado_proj/Basys-3-XADC.cache/compile_simlib/activehdl}] -use_ip_compiled_libs -force -quiet
reset_run synth_1
reset_run xadc_wiz_1_synth_1
launch_runs impl_1 -to_step write_bitstream -jobs 4
[Thu Jan  6 23:42:05 2022] Launched xadc_wiz_1_synth_1, synth_1...
Run output will be captured here:
xadc_wiz_1_synth_1: C:/Users/user/Desktop/Programing/Logic Design/Advance/Project/source/vivado_proj/Basys-3-XADC.runs/xadc_wiz_1_synth_1/runme.log
synth_1: C:/Users/user/Desktop/Programing/Logic Design/Advance/Project/source/vivado_proj/Basys-3-XADC.runs/synth_1/runme.log
[Thu Jan  6 23:42:06 2022] Launched impl_1...
Run output will be captured here: C:/Users/user/Desktop/Programing/Logic Design/Advance/Project/source/vivado_proj/Basys-3-XADC.runs/impl_1/runme.log
exit
INFO: [Common 17-206] Exiting Vivado at Thu Jan  6 23:47:39 2022...
